<?xml version="1.0" encoding="UTF-8"?>
<!-- Generated by org.testng.reporters.JUnitXMLReporter -->
<testsuite hostname="LAPTOP-FBFACADN" ignored="0" name="Test" tests="12" failures="2" timestamp="2021-02-20T15:47:53 IST" time="131.125" errors="0">
  <testcase name="PageTitleTest" time="0.18" classname="com.qa.main.testcases.SignInPageTest"/>
  <testcase name="SignInPageWithDetails" time="0.21" classname="com.qa.main.testcases.SignInPageTest"/>
  <testcase name="signInTest" time="0.491" classname="com.qa.main.testcases.SignInPageTest"/>
  <testcase name="signoutTest" time="1.948" classname="com.qa.main.testcases.SignInPageTest"/>
  <testcase name="verifyHomePageUserNameTest" time="0.757" classname="com.qa.main.testcases.HomePageTest">
    <failure type="java.lang.AssertionError" message="Failed expected [title check failed] but found [menna+automation@intellisense.io]">
      <![CDATA[java.lang.AssertionError: Failed expected [title check failed] but found [menna+automation@intellisense.io]
at com.qa.main.testcases.HomePageTest.verifyHomePageUserNameTest(HomePageTest.java:52)
at java.util.ArrayList.forEach(ArrayList.java:1257)
... Removed 35 stack frames]]>
    </failure>
  </testcase> <!-- verifyHomePageUserNameTest -->
  <testcase name="verifyDashBoardTest" time="0.035" classname="com.qa.main.testcases.HomePageTest"/>
  <testcase name="verifySelectDashBoardTest" time="3.869" classname="com.qa.main.testcases.HomePageTest"/>
  <testcase name="verifyDashBoardTest" time="0.03" classname="com.qa.main.testcases.DashboardPageTest"/>
  <testcase name="verifySethomeBtnTest" time="2.617" classname="com.qa.main.testcases.DashboardPageTest"/>
  <testcase name="verifyduplicateDashboardTest" time="3.075" classname="com.qa.main.testcases.DashboardPageTest"/>
  <testcase name="verifyExportdataTest" time="2.455" classname="com.qa.main.testcases.DashboardPageTest"/>
  <testcase name="verifyExportdataDownloadTest" time="20.177" classname="com.qa.main.testcases.DashboardPageTest">
    <failure type="org.openqa.selenium.ElementNotInteractableException" message="element not interactable
  (Session info: chrome=88.0.4324.182)
Build info: version: &amp;apos;3.141.59&amp;apos;, revision: &amp;apos;e82be7d358&amp;apos;, time: &amp;apos;2018-11-14T08:17:03&amp;apos;
System info: host: &amp;apos;LAPTOP-FBFACADN&amp;apos;, ip: &amp;apos;192.168.2.22&amp;apos;, os.name: &amp;apos;Windows 10&amp;apos;, os.arch: &amp;apos;amd64&amp;apos;, os.version: &amp;apos;10.0&amp;apos;, java.version: &amp;apos;1.8.0_241&amp;apos;
Driver info: org.openqa.selenium.chrome.ChromeDriver
Capabilities {acceptInsecureCerts: false, browserName: chrome, browserVersion: 88.0.4324.182, chrome: {chromedriverVersion: 88.0.4324.96 (68dba2d8a0b14..., userDataDir: C:\Users\Murali\AppData\Loc...}, goog:chromeOptions: {debuggerAddress: localhost:62140}, javascriptEnabled: true, networkConnectionEnabled: false, pageLoadStrategy: normal, platform: WINDOWS, platformName: WINDOWS, proxy: Proxy(), setWindowRect: true, strictFileInteractability: false, timeouts: {implicit: 0, pageLoad: 300000, script: 30000}, unhandledPromptBehavior: dismiss and notify, webauthn:extension:largeBlob: true, webauthn:virtualAuthenticators: true}
Session ID: 6cafe465349677d2e36f30502f7916a0">
      <![CDATA[org.openqa.selenium.ElementNotInteractableException: element not interactable
  (Session info: chrome=88.0.4324.182)
Build info: version: '3.141.59', revision: 'e82be7d358', time: '2018-11-14T08:17:03'
System info: host: 'LAPTOP-FBFACADN', ip: '192.168.2.22', os.name: 'Windows 10', os.arch: 'amd64', os.version: '10.0', java.version: '1.8.0_241'
Driver info: org.openqa.selenium.chrome.ChromeDriver
Capabilities {acceptInsecureCerts: false, browserName: chrome, browserVersion: 88.0.4324.182, chrome: {chromedriverVersion: 88.0.4324.96 (68dba2d8a0b14..., userDataDir: C:\Users\Murali\AppData\Loc...}, goog:chromeOptions: {debuggerAddress: localhost:62140}, javascriptEnabled: true, networkConnectionEnabled: false, pageLoadStrategy: normal, platform: WINDOWS, platformName: WINDOWS, proxy: Proxy(), setWindowRect: true, strictFileInteractability: false, timeouts: {implicit: 0, pageLoad: 300000, script: 30000}, unhandledPromptBehavior: dismiss and notify, webauthn:extension:largeBlob: true, webauthn:virtualAuthenticators: true}
Session ID: 6cafe465349677d2e36f30502f7916a0
at org.openqa.selenium.remote.http.W3CHttpResponseCodec.createException(W3CHttpResponseCodec.java:187)
at org.openqa.selenium.remote.http.W3CHttpResponseCodec.decode(W3CHttpResponseCodec.java:122)
at org.openqa.selenium.remote.http.W3CHttpResponseCodec.decode(W3CHttpResponseCodec.java:49)
at org.openqa.selenium.remote.HttpCommandExecutor.execute(HttpCommandExecutor.java:158)
at org.openqa.selenium.remote.service.DriverCommandExecutor.execute(DriverCommandExecutor.java:83)
at org.openqa.selenium.remote.RemoteWebDriver.execute(RemoteWebDriver.java:552)
at org.openqa.selenium.remote.RemoteWebElement.execute(RemoteWebElement.java:285)
at org.openqa.selenium.remote.RemoteWebElement.click(RemoteWebElement.java:84)
at org.openqa.selenium.support.pagefactory.internal.LocatingElementHandler.invoke(LocatingElementHandler.java:51)
at com.sun.proxy.$Proxy13.click(Unknown Source)
at com.qa.main.pages.DashBoardPage.verifydownloadfile(DashBoardPage.java:138)
at com.qa.main.testcases.DashboardPageTest.verifyExportdataDownloadTest(DashboardPageTest.java:95)
at java.util.ArrayList.forEach(ArrayList.java:1257)
... Removed 38 stack frames]]>
    </failure>
  </testcase> <!-- verifyExportdataDownloadTest -->
</testsuite> <!-- Test -->
