<!DOCTYPE html PUBLIC "-//W3C//DTD XHTML 1.1//EN" "https://www.w3.org/TR/xhtml11/DTD/xhtml11.dtd">
<html xmlns="https://www.w3.org/1999/xhtml">
<head>
<meta http-equiv="content-type" content="text/html; charset=UTF-8"/>
<title>TestNG Report</title>
<style type="text/css">table {margin-bottom:10px;border-collapse:collapse;empty-cells:show}th,td {border:1px solid #009;padding:.25em .5em}th {vertical-align:bottom}td {vertical-align:top}table a {font-weight:bold}.stripe td {background-color: #E6EBF9}.num {text-align:right}.passedodd td {background-color: #3F3}.passedeven td {background-color: #0A0}.skippedodd td {background-color: #DDD}.skippedeven td {background-color: #CCC}.failedodd td,.attn {background-color: #F33}.failedeven td,.stripe .attn {background-color: #D00}.stacktrace {white-space:pre;font-family:monospace}.totop {font-size:85%;text-align:center;border-bottom:2px solid #000}.invisible {display:none}</style>
</head>
<body>
<table>
<tr><th>Test</th><th># Passed</th><th># Skipped</th><th># Retried</th><th># Failed</th><th>Time (ms)</th><th>Included Groups</th><th>Excluded Groups</th></tr>
<tr><th colspan="8">Suite</th></tr>
<tr><td><a href="#t0">Test</a></td><td class="num">10</td><td class="num">0</td><td class="num">0</td><td class="num attn">2</td><td class="num">131,125</td><td></td><td></td></tr>
</table>
<table id='summary'><thead><tr><th>Class</th><th>Method</th><th>Start</th><th>Time (ms)</th></tr></thead><tbody><tr><th colspan="4">Suite</th></tr></tbody><tbody id="t0"><tr><th colspan="4">Test &#8212; failed</th></tr><tr class="failedeven"><td rowspan="1">com.qa.main.testcases.DashboardPageTest</td><td><a href="#m0">verifyExportdataDownloadTest</a></td><td rowspan="1">1613816252811</td><td rowspan="1">20177</td></tr><tr class="failedodd"><td rowspan="1">com.qa.main.testcases.HomePageTest</td><td><a href="#m1">verifyHomePageUserNameTest</a></td><td rowspan="1">1613816206558</td><td rowspan="1">757</td></tr><tr><th colspan="4">Test &#8212; passed</th></tr><tr class="passedeven"><td rowspan="4">com.qa.main.testcases.DashboardPageTest</td><td><a href="#m2">verifyDashBoardTest</a></td><td rowspan="1">1613816244629</td><td rowspan="1">30</td></tr><tr class="passedeven"><td><a href="#m3">verifyExportdataTest</a></td><td rowspan="1">1613816250354</td><td rowspan="1">2455</td></tr><tr class="passedeven"><td><a href="#m4">verifySethomeBtnTest</a></td><td rowspan="1">1613816244660</td><td rowspan="1">2617</td></tr><tr class="passedeven"><td><a href="#m5">verifyduplicateDashboardTest</a></td><td rowspan="1">1613816247278</td><td rowspan="1">3075</td></tr><tr class="passedodd"><td rowspan="2">com.qa.main.testcases.HomePageTest</td><td><a href="#m6">verifyDashBoardTest</a></td><td rowspan="1">1613816207573</td><td rowspan="1">35</td></tr><tr class="passedodd"><td><a href="#m7">verifySelectDashBoardTest</a></td><td rowspan="1">1613816207610</td><td rowspan="1">3869</td></tr><tr class="passedeven"><td rowspan="4">com.qa.main.testcases.SignInPageTest</td><td><a href="#m8">PageTitleTest</a></td><td rowspan="1">1613816173674</td><td rowspan="1">180</td></tr><tr class="passedeven"><td><a href="#m9">SignInPageWithDetails</a></td><td rowspan="1">1613816173988</td><td rowspan="1">210</td></tr><tr class="passedeven"><td><a href="#m10">signInTest</a></td><td rowspan="1">1613816174200</td><td rowspan="1">491</td></tr><tr class="passedeven"><td><a href="#m11">signoutTest</a></td><td rowspan="1">1613816174694</td><td rowspan="1">1948</td></tr></tbody>
</table>
<h2>Test</h2><h3 id="m0">com.qa.main.testcases.DashboardPageTest#verifyExportdataDownloadTest</h3><table class="result"><tr><th>Exception</th></tr><tr><td><div class="stacktrace">org.openqa.selenium.ElementNotInteractableException: element not interactable
  (Session info: chrome=88.0.4324.182)
Build info: version: &apos;3.141.59&apos;, revision: &apos;e82be7d358&apos;, time: &apos;2018-11-14T08:17:03&apos;
System info: host: &apos;LAPTOP-FBFACADN&apos;, ip: &apos;192.168.2.22&apos;, os.name: &apos;Windows 10&apos;, os.arch: &apos;amd64&apos;, os.version: &apos;10.0&apos;, java.version: &apos;1.8.0_241&apos;
Driver info: org.openqa.selenium.chrome.ChromeDriver
Capabilities {acceptInsecureCerts: false, browserName: chrome, browserVersion: 88.0.4324.182, chrome: {chromedriverVersion: 88.0.4324.96 (68dba2d8a0b14..., userDataDir: C:\Users\Murali\AppData\Loc...}, goog:chromeOptions: {debuggerAddress: localhost:62140}, javascriptEnabled: true, networkConnectionEnabled: false, pageLoadStrategy: normal, platform: WINDOWS, platformName: WINDOWS, proxy: Proxy(), setWindowRect: true, strictFileInteractability: false, timeouts: {implicit: 0, pageLoad: 300000, script: 30000}, unhandledPromptBehavior: dismiss and notify, webauthn:extension:largeBlob: true, webauthn:virtualAuthenticators: true}
Session ID: 6cafe465349677d2e36f30502f7916a0
	at org.openqa.selenium.remote.http.W3CHttpResponseCodec.createException(W3CHttpResponseCodec.java:187)
	at org.openqa.selenium.remote.http.W3CHttpResponseCodec.decode(W3CHttpResponseCodec.java:122)
	at org.openqa.selenium.remote.http.W3CHttpResponseCodec.decode(W3CHttpResponseCodec.java:49)
	at org.openqa.selenium.remote.HttpCommandExecutor.execute(HttpCommandExecutor.java:158)
	at org.openqa.selenium.remote.service.DriverCommandExecutor.execute(DriverCommandExecutor.java:83)
	at org.openqa.selenium.remote.RemoteWebDriver.execute(RemoteWebDriver.java:552)
	at org.openqa.selenium.remote.RemoteWebElement.execute(RemoteWebElement.java:285)
	at org.openqa.selenium.remote.RemoteWebElement.click(RemoteWebElement.java:84)
	at org.openqa.selenium.support.pagefactory.internal.LocatingElementHandler.invoke(LocatingElementHandler.java:51)
	at com.sun.proxy.$Proxy13.click(Unknown Source)
	at com.qa.main.pages.DashBoardPage.verifydownloadfile(DashBoardPage.java:138)
	at com.qa.main.testcases.DashboardPageTest.verifyExportdataDownloadTest(DashboardPageTest.java:95)
	at java.util.ArrayList.forEach(ArrayList.java:1257)
... Removed 38 stack frames</div></td></tr></table><p class="totop"><a href="#summary">back to summary</a></p>
<h3 id="m1">com.qa.main.testcases.HomePageTest#verifyHomePageUserNameTest</h3><table class="result"><tr><th>Exception</th></tr><tr><td><div class="stacktrace">java.lang.AssertionError: Failed expected [title check failed] but found [menna+automation@intellisense.io]
	at com.qa.main.testcases.HomePageTest.verifyHomePageUserNameTest(HomePageTest.java:52)
	at java.util.ArrayList.forEach(ArrayList.java:1257)
... Removed 35 stack frames</div></td></tr></table><p class="totop"><a href="#summary">back to summary</a></p>
<h3 id="m2">com.qa.main.testcases.DashboardPageTest#verifyDashBoardTest</h3><table class="result"><tr><th class="invisible"/></tr></table><p class="totop"><a href="#summary">back to summary</a></p>
<h3 id="m3">com.qa.main.testcases.DashboardPageTest#verifyExportdataTest</h3><table class="result"><tr><th class="invisible"/></tr></table><p class="totop"><a href="#summary">back to summary</a></p>
<h3 id="m4">com.qa.main.testcases.DashboardPageTest#verifySethomeBtnTest</h3><table class="result"><tr><th class="invisible"/></tr></table><p class="totop"><a href="#summary">back to summary</a></p>
<h3 id="m5">com.qa.main.testcases.DashboardPageTest#verifyduplicateDashboardTest</h3><table class="result"><tr><th class="invisible"/></tr></table><p class="totop"><a href="#summary">back to summary</a></p>
<h3 id="m6">com.qa.main.testcases.HomePageTest#verifyDashBoardTest</h3><table class="result"><tr><th class="invisible"/></tr></table><p class="totop"><a href="#summary">back to summary</a></p>
<h3 id="m7">com.qa.main.testcases.HomePageTest#verifySelectDashBoardTest</h3><table class="result"><tr><th class="invisible"/></tr></table><p class="totop"><a href="#summary">back to summary</a></p>
<h3 id="m8">com.qa.main.testcases.SignInPageTest#PageTitleTest</h3><table class="result"><tr><th class="invisible"/></tr></table><p class="totop"><a href="#summary">back to summary</a></p>
<h3 id="m9">com.qa.main.testcases.SignInPageTest#SignInPageWithDetails</h3><table class="result"><tr><th class="invisible"/></tr></table><p class="totop"><a href="#summary">back to summary</a></p>
<h3 id="m10">com.qa.main.testcases.SignInPageTest#signInTest</h3><table class="result"><tr><th class="invisible"/></tr></table><p class="totop"><a href="#summary">back to summary</a></p>
<h3 id="m11">com.qa.main.testcases.SignInPageTest#signoutTest</h3><table class="result"><tr><th class="invisible"/></tr></table><p class="totop"><a href="#summary">back to summary</a></p>
</body>
</html>
