<?xml version="1.0" encoding="UTF-8"?>
<testng-results skipped="0" failed="2" ignored="0" total="12" passed="10">
  <reporter-output>
  </reporter-output>
  <suite name="Suite" duration-ms="131125" started-at="2021-02-20T15:45:41 IST" finished-at="2021-02-20T15:47:52 IST">
    <groups>
    </groups>
    <test name="Test" duration-ms="131125" started-at="2021-02-20T15:45:41 IST" finished-at="2021-02-20T15:47:52 IST">
      <class name="com.qa.main.testcases.SignInPageTest">
        <test-method status="PASS" signature="setUp()[pri:0, instance:com.qa.main.testcases.SignInPageTest@665e9289]" name="setUp" is-config="true" duration-ms="31756" started-at="2021-02-20T15:45:41 IST" finished-at="2021-02-20T15:46:13 IST">
          <reporter-output>
          </reporter-output>
        </test-method> <!-- setUp -->
        <test-method status="PASS" signature="PageTitleTest()[pri:1, instance:com.qa.main.testcases.SignInPageTest@665e9289]" name="PageTitleTest" duration-ms="180" started-at="2021-02-20T15:46:13 IST" description="Verify Brains.App Page title" finished-at="2021-02-20T15:46:13 IST">
          <reporter-output>
          </reporter-output>
        </test-method> <!-- PageTitleTest -->
        <test-method status="PASS" signature="SignInPageWithDetails()[pri:2, instance:com.qa.main.testcases.SignInPageTest@665e9289]" name="SignInPageWithDetails" duration-ms="210" started-at="2021-02-20T15:46:13 IST" description="Verify SignIn page is dispalyed" finished-at="2021-02-20T15:46:14 IST">
          <reporter-output>
          </reporter-output>
        </test-method> <!-- SignInPageWithDetails -->
        <test-method status="PASS" signature="signInTest()[pri:3, instance:com.qa.main.testcases.SignInPageTest@665e9289]" name="signInTest" duration-ms="491" started-at="2021-02-20T15:46:14 IST" description="SignIn using userEmail and password" finished-at="2021-02-20T15:46:14 IST">
          <reporter-output>
          </reporter-output>
        </test-method> <!-- signInTest -->
        <test-method status="PASS" signature="signoutTest()[pri:4, instance:com.qa.main.testcases.SignInPageTest@665e9289]" name="signoutTest" duration-ms="1948" started-at="2021-02-20T15:46:14 IST" description="SignOut of Brains.App " finished-at="2021-02-20T15:46:16 IST">
          <reporter-output>
          </reporter-output>
        </test-method> <!-- signoutTest -->
        <test-method status="PASS" signature="tearDown()[pri:0, instance:com.qa.main.testcases.SignInPageTest@665e9289]" name="tearDown" is-config="true" duration-ms="739" started-at="2021-02-20T15:46:16 IST" finished-at="2021-02-20T15:46:17 IST">
          <reporter-output>
          </reporter-output>
        </test-method> <!-- tearDown -->
      </class> <!-- com.qa.main.testcases.SignInPageTest -->
      <class name="com.qa.main.testcases.DashboardPageTest">
        <test-method status="PASS" signature="setUp()[pri:0, instance:com.qa.main.testcases.DashboardPageTest@6f603e89]" name="setUp" is-config="true" duration-ms="32473" started-at="2021-02-20T15:46:52 IST" finished-at="2021-02-20T15:47:24 IST">
          <reporter-output>
          </reporter-output>
        </test-method> <!-- setUp -->
        <test-method status="PASS" signature="verifyDashBoardTest()[pri:1, instance:com.qa.main.testcases.DashboardPageTest@6f603e89]" name="verifyDashBoardTest" duration-ms="30" started-at="2021-02-20T15:47:24 IST" description="Verify DashBoard Title before performing any opration on Dashboard Page" finished-at="2021-02-20T15:47:24 IST">
          <reporter-output>
          </reporter-output>
        </test-method> <!-- verifyDashBoardTest -->
        <test-method status="PASS" signature="verifySethomeBtnTest()[pri:2, instance:com.qa.main.testcases.DashboardPageTest@6f603e89]" name="verifySethomeBtnTest" duration-ms="2617" started-at="2021-02-20T15:47:24 IST" description="Set Dashboard page as HomePage" finished-at="2021-02-20T15:47:27 IST">
          <reporter-output>
          </reporter-output>
        </test-method> <!-- verifySethomeBtnTest -->
        <test-method status="PASS" signature="verifyduplicateDashboardTest()[pri:3, instance:com.qa.main.testcases.DashboardPageTest@6f603e89]" name="verifyduplicateDashboardTest" duration-ms="3075" started-at="2021-02-20T15:47:27 IST" description="Verify Create duplicate Dashboard page" finished-at="2021-02-20T15:47:30 IST">
          <reporter-output>
          </reporter-output>
        </test-method> <!-- verifyduplicateDashboardTest -->
        <test-method status="PASS" signature="verifyExportdataTest()[pri:4, instance:com.qa.main.testcases.DashboardPageTest@6f603e89]" name="verifyExportdataTest" duration-ms="2455" started-at="2021-02-20T15:47:30 IST" description="Verify Export data feature" finished-at="2021-02-20T15:47:32 IST">
          <reporter-output>
          </reporter-output>
        </test-method> <!-- verifyExportdataTest -->
        <test-method status="FAIL" signature="verifyExportdataDownloadTest()[pri:5, instance:com.qa.main.testcases.DashboardPageTest@6f603e89]" name="verifyExportdataDownloadTest" duration-ms="20177" started-at="2021-02-20T15:47:32 IST" description="Verify Exported data-download file feature" finished-at="2021-02-20T15:47:52 IST">
          <exception class="org.openqa.selenium.ElementNotInteractableException">
            <message>
              <![CDATA[element not interactable
  (Session info: chrome=88.0.4324.182)
Build info: version: '3.141.59', revision: 'e82be7d358', time: '2018-11-14T08:17:03'
System info: host: 'LAPTOP-FBFACADN', ip: '192.168.2.22', os.name: 'Windows 10', os.arch: 'amd64', os.version: '10.0', java.version: '1.8.0_241'
Driver info: org.openqa.selenium.chrome.ChromeDriver
Capabilities {acceptInsecureCerts: false, browserName: chrome, browserVersion: 88.0.4324.182, chrome: {chromedriverVersion: 88.0.4324.96 (68dba2d8a0b14..., userDataDir: C:\Users\Murali\AppData\Loc...}, goog:chromeOptions: {debuggerAddress: localhost:62140}, javascriptEnabled: true, networkConnectionEnabled: false, pageLoadStrategy: normal, platform: WINDOWS, platformName: WINDOWS, proxy: Proxy(), setWindowRect: true, strictFileInteractability: false, timeouts: {implicit: 0, pageLoad: 300000, script: 30000}, unhandledPromptBehavior: dismiss and notify, webauthn:extension:largeBlob: true, webauthn:virtualAuthenticators: true}
Session ID: 6cafe465349677d2e36f30502f7916a0]]>
            </message>
            <full-stacktrace>
              <![CDATA[org.openqa.selenium.ElementNotInteractableException: element not interactable
  (Session info: chrome=88.0.4324.182)
Build info: version: '3.141.59', revision: 'e82be7d358', time: '2018-11-14T08:17:03'
System info: host: 'LAPTOP-FBFACADN', ip: '192.168.2.22', os.name: 'Windows 10', os.arch: 'amd64', os.version: '10.0', java.version: '1.8.0_241'
Driver info: org.openqa.selenium.chrome.ChromeDriver
Capabilities {acceptInsecureCerts: false, browserName: chrome, browserVersion: 88.0.4324.182, chrome: {chromedriverVersion: 88.0.4324.96 (68dba2d8a0b14..., userDataDir: C:\Users\Murali\AppData\Loc...}, goog:chromeOptions: {debuggerAddress: localhost:62140}, javascriptEnabled: true, networkConnectionEnabled: false, pageLoadStrategy: normal, platform: WINDOWS, platformName: WINDOWS, proxy: Proxy(), setWindowRect: true, strictFileInteractability: false, timeouts: {implicit: 0, pageLoad: 300000, script: 30000}, unhandledPromptBehavior: dismiss and notify, webauthn:extension:largeBlob: true, webauthn:virtualAuthenticators: true}
Session ID: 6cafe465349677d2e36f30502f7916a0
at sun.reflect.NativeConstructorAccessorImpl.newInstance0(Native Method)
at sun.reflect.NativeConstructorAccessorImpl.newInstance(NativeConstructorAccessorImpl.java:62)
at sun.reflect.DelegatingConstructorAccessorImpl.newInstance(DelegatingConstructorAccessorImpl.java:45)
at java.lang.reflect.Constructor.newInstance(Constructor.java:423)
at org.openqa.selenium.remote.http.W3CHttpResponseCodec.createException(W3CHttpResponseCodec.java:187)
at org.openqa.selenium.remote.http.W3CHttpResponseCodec.decode(W3CHttpResponseCodec.java:122)
at org.openqa.selenium.remote.http.W3CHttpResponseCodec.decode(W3CHttpResponseCodec.java:49)
at org.openqa.selenium.remote.HttpCommandExecutor.execute(HttpCommandExecutor.java:158)
at org.openqa.selenium.remote.service.DriverCommandExecutor.execute(DriverCommandExecutor.java:83)
at org.openqa.selenium.remote.RemoteWebDriver.execute(RemoteWebDriver.java:552)
at org.openqa.selenium.remote.RemoteWebElement.execute(RemoteWebElement.java:285)
at org.openqa.selenium.remote.RemoteWebElement.click(RemoteWebElement.java:84)
at sun.reflect.NativeMethodAccessorImpl.invoke0(Native Method)
at sun.reflect.NativeMethodAccessorImpl.invoke(NativeMethodAccessorImpl.java:62)
at sun.reflect.DelegatingMethodAccessorImpl.invoke(DelegatingMethodAccessorImpl.java:43)
at java.lang.reflect.Method.invoke(Method.java:498)
at org.openqa.selenium.support.pagefactory.internal.LocatingElementHandler.invoke(LocatingElementHandler.java:51)
at com.sun.proxy.$Proxy13.click(Unknown Source)
at com.qa.main.pages.DashBoardPage.verifydownloadfile(DashBoardPage.java:138)
at com.qa.main.testcases.DashboardPageTest.verifyExportdataDownloadTest(DashboardPageTest.java:95)
at sun.reflect.NativeMethodAccessorImpl.invoke0(Native Method)
at sun.reflect.NativeMethodAccessorImpl.invoke(NativeMethodAccessorImpl.java:62)
at sun.reflect.DelegatingMethodAccessorImpl.invoke(DelegatingMethodAccessorImpl.java:43)
at java.lang.reflect.Method.invoke(Method.java:498)
at org.testng.internal.MethodInvocationHelper.invokeMethod(MethodInvocationHelper.java:132)
at org.testng.internal.TestInvoker.invokeMethod(TestInvoker.java:599)
at org.testng.internal.TestInvoker.invokeTestMethod(TestInvoker.java:174)
at org.testng.internal.MethodRunner.runInSequence(MethodRunner.java:46)
at org.testng.internal.TestInvoker$MethodInvocationAgent.invoke(TestInvoker.java:822)
at org.testng.internal.TestInvoker.invokeTestMethods(TestInvoker.java:147)
at org.testng.internal.TestMethodWorker.invokeTestMethods(TestMethodWorker.java:146)
at org.testng.internal.TestMethodWorker.run(TestMethodWorker.java:128)
at java.util.ArrayList.forEach(ArrayList.java:1257)
at org.testng.TestRunner.privateRun(TestRunner.java:764)
at org.testng.TestRunner.run(TestRunner.java:585)
at org.testng.SuiteRunner.runTest(SuiteRunner.java:384)
at org.testng.SuiteRunner.runSequentially(SuiteRunner.java:378)
at org.testng.SuiteRunner.privateRun(SuiteRunner.java:337)
at org.testng.SuiteRunner.run(SuiteRunner.java:286)
at org.testng.SuiteRunnerWorker.runSuite(SuiteRunnerWorker.java:53)
at org.testng.SuiteRunnerWorker.run(SuiteRunnerWorker.java:96)
at org.testng.TestNG.runSuitesSequentially(TestNG.java:1218)
at org.testng.TestNG.runSuitesLocally(TestNG.java:1140)
at org.testng.TestNG.runSuites(TestNG.java:1069)
at org.testng.TestNG.run(TestNG.java:1037)
at org.apache.maven.surefire.testng.TestNGExecutor.run(TestNGExecutor.java:283)
at org.apache.maven.surefire.testng.TestNGXmlTestSuite.execute(TestNGXmlTestSuite.java:75)
at org.apache.maven.surefire.testng.TestNGProvider.invoke(TestNGProvider.java:120)
at org.apache.maven.surefire.booter.ForkedBooter.invokeProviderInSameClassLoader(ForkedBooter.java:386)
at org.apache.maven.surefire.booter.ForkedBooter.runSuitesInProcess(ForkedBooter.java:323)
at org.apache.maven.surefire.booter.ForkedBooter.main(ForkedBooter.java:143)
]]>
            </full-stacktrace>
          </exception> <!-- org.openqa.selenium.ElementNotInteractableException -->
          <reporter-output>
          </reporter-output>
        </test-method> <!-- verifyExportdataDownloadTest -->
        <test-method status="PASS" signature="tearDown()[pri:0, instance:com.qa.main.testcases.DashboardPageTest@6f603e89]" name="tearDown" is-config="true" duration-ms="0" started-at="2021-02-20T15:47:52 IST" finished-at="2021-02-20T15:47:52 IST">
          <reporter-output>
          </reporter-output>
        </test-method> <!-- tearDown -->
      </class> <!-- com.qa.main.testcases.DashboardPageTest -->
      <class name="com.qa.main.testcases.HomePageTest">
        <test-method status="PASS" signature="setUp()[pri:0, instance:com.qa.main.testcases.HomePageTest@7d3430a7]" name="setUp" is-config="true" duration-ms="29174" started-at="2021-02-20T15:46:17 IST" finished-at="2021-02-20T15:46:46 IST">
          <reporter-output>
          </reporter-output>
        </test-method> <!-- setUp -->
        <test-method status="FAIL" signature="verifyHomePageUserNameTest()[pri:1, instance:com.qa.main.testcases.HomePageTest@7d3430a7]" name="verifyHomePageUserNameTest" duration-ms="757" started-at="2021-02-20T15:46:46 IST" description="Verify UserName on HomePage" finished-at="2021-02-20T15:46:47 IST">
          <exception class="java.lang.AssertionError">
            <message>
              <![CDATA[Failed expected [title check failed] but found [menna+automation@intellisense.io]]]>
            </message>
            <full-stacktrace>
              <![CDATA[java.lang.AssertionError: Failed expected [title check failed] but found [menna+automation@intellisense.io]
at org.testng.Assert.fail(Assert.java:99)
at org.testng.Assert.failNotEquals(Assert.java:1037)
at org.testng.Assert.assertEqualsImpl(Assert.java:140)
at org.testng.Assert.assertEquals(Assert.java:122)
at org.testng.Assert.assertEquals(Assert.java:629)
at com.qa.main.testcases.HomePageTest.verifyHomePageUserNameTest(HomePageTest.java:52)
at sun.reflect.NativeMethodAccessorImpl.invoke0(Native Method)
at sun.reflect.NativeMethodAccessorImpl.invoke(NativeMethodAccessorImpl.java:62)
at sun.reflect.DelegatingMethodAccessorImpl.invoke(DelegatingMethodAccessorImpl.java:43)
at java.lang.reflect.Method.invoke(Method.java:498)
at org.testng.internal.MethodInvocationHelper.invokeMethod(MethodInvocationHelper.java:132)
at org.testng.internal.TestInvoker.invokeMethod(TestInvoker.java:599)
at org.testng.internal.TestInvoker.invokeTestMethod(TestInvoker.java:174)
at org.testng.internal.MethodRunner.runInSequence(MethodRunner.java:46)
at org.testng.internal.TestInvoker$MethodInvocationAgent.invoke(TestInvoker.java:822)
at org.testng.internal.TestInvoker.invokeTestMethods(TestInvoker.java:147)
at org.testng.internal.TestMethodWorker.invokeTestMethods(TestMethodWorker.java:146)
at org.testng.internal.TestMethodWorker.run(TestMethodWorker.java:128)
at java.util.ArrayList.forEach(ArrayList.java:1257)
at org.testng.TestRunner.privateRun(TestRunner.java:764)
at org.testng.TestRunner.run(TestRunner.java:585)
at org.testng.SuiteRunner.runTest(SuiteRunner.java:384)
at org.testng.SuiteRunner.runSequentially(SuiteRunner.java:378)
at org.testng.SuiteRunner.privateRun(SuiteRunner.java:337)
at org.testng.SuiteRunner.run(SuiteRunner.java:286)
at org.testng.SuiteRunnerWorker.runSuite(SuiteRunnerWorker.java:53)
at org.testng.SuiteRunnerWorker.run(SuiteRunnerWorker.java:96)
at org.testng.TestNG.runSuitesSequentially(TestNG.java:1218)
at org.testng.TestNG.runSuitesLocally(TestNG.java:1140)
at org.testng.TestNG.runSuites(TestNG.java:1069)
at org.testng.TestNG.run(TestNG.java:1037)
at org.apache.maven.surefire.testng.TestNGExecutor.run(TestNGExecutor.java:283)
at org.apache.maven.surefire.testng.TestNGXmlTestSuite.execute(TestNGXmlTestSuite.java:75)
at org.apache.maven.surefire.testng.TestNGProvider.invoke(TestNGProvider.java:120)
at org.apache.maven.surefire.booter.ForkedBooter.invokeProviderInSameClassLoader(ForkedBooter.java:386)
at org.apache.maven.surefire.booter.ForkedBooter.runSuitesInProcess(ForkedBooter.java:323)
at org.apache.maven.surefire.booter.ForkedBooter.main(ForkedBooter.java:143)
]]>
            </full-stacktrace>
          </exception> <!-- java.lang.AssertionError -->
          <reporter-output>
          </reporter-output>
        </test-method> <!-- verifyHomePageUserNameTest -->
        <test-method status="PASS" signature="verifyDashBoardTest()[pri:2, instance:com.qa.main.testcases.HomePageTest@7d3430a7]" name="verifyDashBoardTest" duration-ms="35" started-at="2021-02-20T15:46:47 IST" description="Verify Dashboard dispalayed" finished-at="2021-02-20T15:46:47 IST">
          <reporter-output>
          </reporter-output>
        </test-method> <!-- verifyDashBoardTest -->
        <test-method status="PASS" signature="verifySelectDashBoardTest()[pri:3, instance:com.qa.main.testcases.HomePageTest@7d3430a7]" name="verifySelectDashBoardTest" duration-ms="3869" started-at="2021-02-20T15:46:47 IST" description="Select already created Dashboard" finished-at="2021-02-20T15:46:51 IST">
          <reporter-output>
          </reporter-output>
        </test-method> <!-- verifySelectDashBoardTest -->
        <test-method status="PASS" signature="tearDown()[pri:0, instance:com.qa.main.testcases.HomePageTest@7d3430a7]" name="tearDown" is-config="true" duration-ms="675" started-at="2021-02-20T15:46:51 IST" finished-at="2021-02-20T15:46:52 IST">
          <reporter-output>
          </reporter-output>
        </test-method> <!-- tearDown -->
      </class> <!-- com.qa.main.testcases.HomePageTest -->
    </test> <!-- Test -->
  </suite> <!-- Suite -->
</testng-results>
